<?xml version="1.0" encoding="UTF-8"?>
<testsuites name="ImageDiff" time="2" tests="1" failures="0" errors="0">
   <testsuite name="ImageDiff" tests="1" failures="0" errors="0" time="2" timestamp="2018-10-03 06:46:35" hostname="urayamakazuaki - 10.0.1.5" id="Test Suites/ImageDiff">
      <properties>
         <property name="deviceName" value=""/>
         <property name="devicePlatform" value=""/>
         <property name="logFolder" value="/Users/urayamakazuaki/katalon-workspace/VisualTestingInKatalonStudio/Reports/ImageDiff/20181003_064512"/>
         <property name="logFiles" value="/Users/urayamakazuaki/katalon-workspace/VisualTestingInKatalonStudio/Reports/ImageDiff/20181003_064512/execution0.log"/>
         <property name="attachments" value=""/>
         <property name="hostName" value="urayamakazuaki - 10.0.1.5"/>
         <property name="hostAddress" value="10.0.1.5"/>
         <property name="os" value="Mac OS X 64bit"/>
         <property name="katalonVersion" value="5.7.1.1"/>
      </properties>
      <testcase name="Test Cases/ImageDiff" classname="Test Cases/ImageDiff" status="PASSED">
         <system-out><![CDATA[2018-10-03 06:46:37 - [TEST_CASE][PASSED] - Test Cases/ImageDiff: Test Cases/ImageDiff

2018-10-03 06:46:37 - [TEST_STEP][PASSED] - Start listener action : beforeTestCase: Invoke 'com.kms.katalon.core.annotation.BeforeTestCase' method: 'TL.beforeTestCase(...)' completed.

2018-10-03 06:46:37 - [TEST_STEP][PASSED] - Statement - If (MATERIAL_REPOSITORY == null): null

2018-10-03 06:46:37 - [TEST_STEP][PASSED] - Statement - CURRENT_TESTCASE_ID = testCaseContext.getTestCaseId(): Invoke 'com.kms.katalon.core.annotation.BeforeTestCase' method: 'TL.beforeTestCase(...)' completed.

2018-10-03 06:46:37 - [TEST_STEP][FAILED] - com.kazurayam.ksbackyard.ScreenshotDriver.makeDiffs: >>> materialPairs.size() is 0

2018-10-03 06:46:37 - [MESSAGE][PASSED] - returning MaterialPairs successfully

2018-10-03 06:46:37 - [MESSAGE][FAILED] - >>> materialPairs.size() is 0]]></system-out>
         <system-err><![CDATA[]]></system-err>
      </testcase>
      <system-out><![CDATA[2018-10-03 06:46:35 - [TEST_SUITE][PASSED] - ImageDiff: Test Cases/ImageDiff]]></system-out>
      <system-err><![CDATA[]]></system-err>
   </testsuite>
</testsuites>
