<?xml version="1.0" encoding="UTF-8"?>
<testsuites name="TS1" time="41" tests="0" failures="1" errors="0">
   <testsuite name="TS1" tests="0" failures="1" errors="0" time="41" timestamp="2018-10-14 05:52:46" hostname="urayamakazuaki - 10.0.1.5" id="Test Suites/Main/TS1">
      <properties>
         <property name="deviceName" value=""/>
         <property name="devicePlatform" value=""/>
         <property name="logFolder" value="/Users/urayamakazuaki/katalon-workspace/VisualTestingInKatalonStudio/Reports/Main/TS1/20181014_055232"/>
         <property name="logFiles" value="/Users/urayamakazuaki/katalon-workspace/VisualTestingInKatalonStudio/Reports/Main/TS1/20181014_055232/execution0.log"/>
         <property name="attachments" value=""/>
         <property name="hostName" value="urayamakazuaki - 10.0.1.5"/>
         <property name="os" value="Mac OS X 64bit"/>
         <property name="katalonVersion" value="5.7.1.1"/>
         <property name="browser" value="Firefox 62.0"/>
         <property name="hostAddress" value="10.0.1.5"/>
         <property name="sessionId" value="ef86393a-cd70-aa4b-a6f9-314411d7c037"/>
         <property name="seleniumVersion" value="3.7.1"/>
         <property name="proxyInformation" value="ProxyInformation{proxyOption=NO_PROXY, proxyServerType=HTTP, password=, proxyServerAddress=, proxyServerPort=0}"/>
         <property name="platform" value="Mac OS X"/>
      </properties>
      <testcase name="Test Cases/Main/Basic" classname="Test Cases/Main/Basic" status="FAILED">
         <failure type="FAILED" message="(Stack trace: com.kms.katalon.core.exception.StepFailedException: Unable to verify not equal between actual object 'Sun' and expected object 'Sun' (Root cause: Actual object 'Sun' and expected object 'Sun' are equal)
	at com.kms.katalon.core.keyword.internal.KeywordMain.stepFailed(KeywordMain.groovy:36)
	at com.kms.katalon.core.keyword.internal.KeywordMain.stepFailed(KeywordMain.groovy)
	at com.kms.katalon.core.keyword.internal.KeywordMain.runKeyword(KeywordMain.groovy:56)
	at com.kms.katalon.core.keyword.builtin.VerifyNotEqualKeyword.verifyNotEqual(VerifyNotEqualKeyword.groovy:65)
	at com.kms.katalon.core.keyword.builtin.VerifyNotEqualKeyword.execute(VerifyNotEqualKeyword.groovy:45)
	at com.kms.katalon.core.keyword.internal.KeywordExecutor.executeKeywordForPlatform(KeywordExecutor.groovy:53)
	at com.kms.katalon.core.keyword.BuiltinKeywords.verifyNotEqual(BuiltinKeywords.groovy:172)
	at sun.reflect.NativeMethodAccessorImpl.invoke0(Native Method)
	at sun.reflect.NativeMethodAccessorImpl.invoke(NativeMethodAccessorImpl.java:62)
	at sun.reflect.DelegatingMethodAccessorImpl.invoke(DelegatingMethodAccessorImpl.java:43)
	at java.lang.reflect.Method.invoke(Method.java:498)
	at org.codehaus.groovy.reflection.CachedMethod.invoke(CachedMethod.java:93)
	at groovy.lang.MetaMethod.doMethodInvoke(MetaMethod.java:325)
	at groovy.lang.MetaClassImpl.invokeStaticMethod(MetaClassImpl.java:1469)
	at org.codehaus.groovy.runtime.callsite.StaticMetaClassSite.call(StaticMetaClassSite.java:53)
	at org.codehaus.groovy.runtime.callsite.CallSiteArray.defaultCall(CallSiteArray.java:48)
	at org.codehaus.groovy.runtime.callsite.AbstractCallSite.call(AbstractCallSite.java:113)
	at org.codehaus.groovy.runtime.callsite.AbstractCallSite.call(AbstractCallSite.java:133)
	at Script1534135923849.run(Script1534135923849.groovy:107)
	at com.kms.katalon.core.main.ScriptEngine.run(ScriptEngine.java:183)
	at com.kms.katalon.core.main.ScriptEngine.runScriptAsRawText(ScriptEngine.java:108)
	at com.kms.katalon.core.main.TestCaseExecutor.runScript(TestCaseExecutor.java:294)
	at com.kms.katalon.core.main.TestCaseExecutor.doExecute(TestCaseExecutor.java:285)
	at com.kms.katalon.core.main.TestCaseExecutor.processExecutionPhase(TestCaseExecutor.java:264)
	at com.kms.katalon.core.main.TestCaseExecutor.accessMainPhase(TestCaseExecutor.java:256)
	at com.kms.katalon.core.main.TestCaseExecutor.execute(TestCaseExecutor.java:200)
	at com.kms.katalon.core.main.TestSuiteExecutor.accessTestCaseMainPhase(TestSuiteExecutor.java:129)
	at com.kms.katalon.core.main.TestSuiteExecutor.accessTestSuiteMainPhase(TestSuiteExecutor.java:112)
	at com.kms.katalon.core.main.TestSuiteExecutor.execute(TestSuiteExecutor.java:81)
	at com.kms.katalon.core.main.TestCaseMain.startTestSuite(TestCaseMain.java:142)
	at com.kms.katalon.core.main.TestCaseMain$startTestSuite$0.call(Unknown Source)
	at org.codehaus.groovy.runtime.callsite.CallSiteArray.defaultCall(CallSiteArray.java:48)
	at org.codehaus.groovy.runtime.callsite.AbstractCallSite.call(AbstractCallSite.java:113)
	at org.codehaus.groovy.runtime.callsite.AbstractCallSite.call(AbstractCallSite.java:141)
	at TempTestSuite1539463952510.run(TempTestSuite1539463952510.groovy:36)
	at groovy.lang.GroovyShell.runScriptOrMainOrTestOrRunnable(GroovyShell.java:263)
	at groovy.lang.GroovyShell.run(GroovyShell.java:518)
	at groovy.lang.GroovyShell.run(GroovyShell.java:507)
	at groovy.ui.GroovyMain.processOnce(GroovyMain.java:653)
	at groovy.ui.GroovyMain.run(GroovyMain.java:384)
	at groovy.ui.GroovyMain.process(GroovyMain.java:370)
	at groovy.ui.GroovyMain.processArgs(GroovyMain.java:129)
	at groovy.ui.GroovyMain.main(GroovyMain.java:109)
	at sun.reflect.NativeMethodAccessorImpl.invoke0(Native Method)
	at sun.reflect.NativeMethodAccessorImpl.invoke(NativeMethodAccessorImpl.java:62)
	at sun.reflect.DelegatingMethodAccessorImpl.invoke(DelegatingMethodAccessorImpl.java:43)
	at java.lang.reflect.Method.invoke(Method.java:498)
	at org.codehaus.groovy.tools.GroovyStarter.rootLoader(GroovyStarter.java:109)
	at org.codehaus.groovy.tools.GroovyStarter.main(GroovyStarter.java:131)
)"/>
         <system-out><![CDATA[2018-10-14 05:52:49 - [TEST_CASE][FAILED] - Test Cases/Main/Basic: Test Cases/Main/Basic FAILED because (of) (Stack trace: com.kms.katalon.core.exception.StepFailedException: Unable to verify not equal between actual object 'Sun' and expected object 'Sun' (Root cause: Actual object 'Sun' and expected object 'Sun' are equal)
	at com.kms.katalon.core.keyword.internal.KeywordMain.stepFailed(KeywordMain.groovy:36)
	at com.kms.katalon.core.keyword.internal.KeywordMain.stepFailed(KeywordMain.groovy)
	at com.kms.katalon.core.keyword.internal.KeywordMain.runKeyword(KeywordMain.groovy:56)
	at com.kms.katalon.core.keyword.builtin.VerifyNotEqualKeyword.verifyNotEqual(VerifyNotEqualKeyword.groovy:65)
	at com.kms.katalon.core.keyword.builtin.VerifyNotEqualKeyword.execute(VerifyNotEqualKeyword.groovy:45)
	at com.kms.katalon.core.keyword.internal.KeywordExecutor.executeKeywordForPlatform(KeywordExecutor.groovy:53)
	at com.kms.katalon.core.keyword.BuiltinKeywords.verifyNotEqual(BuiltinKeywords.groovy:172)
	at sun.reflect.NativeMethodAccessorImpl.invoke0(Native Method)
	at sun.reflect.NativeMethodAccessorImpl.invoke(NativeMethodAccessorImpl.java:62)
	at sun.reflect.DelegatingMethodAccessorImpl.invoke(DelegatingMethodAccessorImpl.java:43)
	at java.lang.reflect.Method.invoke(Method.java:498)
	at org.codehaus.groovy.reflection.CachedMethod.invoke(CachedMethod.java:93)
	at groovy.lang.MetaMethod.doMethodInvoke(MetaMethod.java:325)
	at groovy.lang.MetaClassImpl.invokeStaticMethod(MetaClassImpl.java:1469)
	at org.codehaus.groovy.runtime.callsite.StaticMetaClassSite.call(StaticMetaClassSite.java:53)
	at org.codehaus.groovy.runtime.callsite.CallSiteArray.defaultCall(CallSiteArray.java:48)
	at org.codehaus.groovy.runtime.callsite.AbstractCallSite.call(AbstractCallSite.java:113)
	at org.codehaus.groovy.runtime.callsite.AbstractCallSite.call(AbstractCallSite.java:133)
	at Script1534135923849.run(Script1534135923849.groovy:107)
	at com.kms.katalon.core.main.ScriptEngine.run(ScriptEngine.java:183)
	at com.kms.katalon.core.main.ScriptEngine.runScriptAsRawText(ScriptEngine.java:108)
	at com.kms.katalon.core.main.TestCaseExecutor.runScript(TestCaseExecutor.java:294)
	at com.kms.katalon.core.main.TestCaseExecutor.doExecute(TestCaseExecutor.java:285)
	at com.kms.katalon.core.main.TestCaseExecutor.processExecutionPhase(TestCaseExecutor.java:264)
	at com.kms.katalon.core.main.TestCaseExecutor.accessMainPhase(TestCaseExecutor.java:256)
	at com.kms.katalon.core.main.TestCaseExecutor.execute(TestCaseExecutor.java:200)
	at com.kms.katalon.core.main.TestSuiteExecutor.accessTestCaseMainPhase(TestSuiteExecutor.java:129)
	at com.kms.katalon.core.main.TestSuiteExecutor.accessTestSuiteMainPhase(TestSuiteExecutor.java:112)
	at com.kms.katalon.core.main.TestSuiteExecutor.execute(TestSuiteExecutor.java:81)
	at com.kms.katalon.core.main.TestCaseMain.startTestSuite(TestCaseMain.java:142)
	at com.kms.katalon.core.main.TestCaseMain$startTestSuite$0.call(Unknown Source)
	at org.codehaus.groovy.runtime.callsite.CallSiteArray.defaultCall(CallSiteArray.java:48)
	at org.codehaus.groovy.runtime.callsite.AbstractCallSite.call(AbstractCallSite.java:113)
	at org.codehaus.groovy.runtime.callsite.AbstractCallSite.call(AbstractCallSite.java:141)
	at TempTestSuite1539463952510.run(TempTestSuite1539463952510.groovy:36)
	at groovy.lang.GroovyShell.runScriptOrMainOrTestOrRunnable(GroovyShell.java:263)
	at groovy.lang.GroovyShell.run(GroovyShell.java:518)
	at groovy.lang.GroovyShell.run(GroovyShell.java:507)
	at groovy.ui.GroovyMain.processOnce(GroovyMain.java:653)
	at groovy.ui.GroovyMain.run(GroovyMain.java:384)
	at groovy.ui.GroovyMain.process(GroovyMain.java:370)
	at groovy.ui.GroovyMain.processArgs(GroovyMain.java:129)
	at groovy.ui.GroovyMain.main(GroovyMain.java:109)
	at sun.reflect.NativeMethodAccessorImpl.invoke0(Native Method)
	at sun.reflect.NativeMethodAccessorImpl.invoke(NativeMethodAccessorImpl.java:62)
	at sun.reflect.DelegatingMethodAccessorImpl.invoke(DelegatingMethodAccessorImpl.java:43)
	at java.lang.reflect.Method.invoke(Method.java:498)
	at org.codehaus.groovy.tools.GroovyStarter.rootLoader(GroovyStarter.java:109)
	at org.codehaus.groovy.tools.GroovyStarter.main(GroovyStarter.java:131)
)

2018-10-14 05:52:49 - [TEST_STEP][PASSED] - Start listener action : beforeTestCase: Invoke 'com.kms.katalon.core.annotation.BeforeTestCase' method: 'TL.beforeTestCase(...)' completed.

2018-10-14 05:52:49 - [TEST_STEP][PASSED] - Statement - If (MATERIAL_REPOSITORY == null): null

2018-10-14 05:52:49 - [TEST_STEP][PASSED] - Statement - CURRENT_TESTCASE_ID = testCaseContext.getTestCaseId(): Invoke 'com.kms.katalon.core.annotation.BeforeTestCase' method: 'TL.beforeTestCase(...)' completed.

2018-10-14 05:52:50 - [TEST_STEP][PASSED] - Statement - mr = MATERIAL_REPOSITORY: null

2018-10-14 05:52:50 - [TEST_STEP][PASSED] - Statement - assert mr != null: null

2018-10-14 05:52:50 - [TEST_STEP][PASSED] - openBrowser: Browser is opened with url: ''

2018-10-14 05:53:02 - [MESSAGE][PASSED] - Browser is opened with url: ''

2018-10-14 05:53:02 - [TEST_STEP][PASSED] - setViewPortSize: Viewport is set to new size with width = 1024 and height = 768

2018-10-14 05:53:02 - [MESSAGE][PASSED] - Viewport is set to new size with width = 1024 and height = 768

2018-10-14 05:53:02 - [TEST_STEP][PASSED] - Statement - driver = com.kms.katalon.core.webui.driver.DriverFactory.getWebDriver(): null

2018-10-14 05:53:02 - [TEST_STEP][PASSED] - Statement - If (com.kms.katalon.core.configuration.RunConfiguration.getExecutionProfile() == "develop"): null

2018-10-14 05:53:02 - [TEST_STEP][PASSED] - Statement - Else: Navigate to 'http://demoaut.katalon.com/' successfully

2018-10-14 05:53:02 - [TEST_STEP][PASSED] - navigateToUrl: Navigate to 'http://demoaut.katalon.com/' successfully

2018-10-14 05:53:09 - [MESSAGE][PASSED] - Navigate to 'http://demoaut.katalon.com/' successfully

2018-10-14 05:53:09 - [TEST_STEP][PASSED] - verifyElementPresent: Object 'Object Repository/Page_CuraHomepage/a_Make Appointment' is present

2018-10-14 05:53:09 - [MESSAGE][PASSED] - Object 'Object Repository/Page_CuraHomepage/a_Make Appointment' is present

2018-10-14 05:53:09 - [TEST_STEP][PASSED] - Statement - png1 = mr.resolveMaterialPath(CURRENT_TESTCASE_ID, "CURA_Homepage.png"): null

2018-10-14 05:53:09 - [TEST_STEP][PASSED] - com.kazurayam.ksbackyard.ScreenshotDriver.takeEntirePage: com.kazurayam.ksbackyard.ScreenshotDriver.takeEntirePage is PASSED

2018-10-14 05:53:15 - [MESSAGE][PASSED] - com.kazurayam.ksbackyard.ScreenshotDriver.takeEntirePage is PASSED

2018-10-14 05:53:15 - [TEST_STEP][PASSED] - callTestCase: Call Test Case 'Test Cases/Common/Login' successfully

2018-10-14 05:53:15 - [TEST_CASE][PASSED] - Test Cases/Common/Login: Test Cases/Common/Login

2018-10-14 05:53:15 - [TEST_STEP][PASSED] - Statement - mr = MATERIAL_REPOSITORY: null

2018-10-14 05:53:15 - [TEST_STEP][PASSED] - Statement - assert mr != null: null

2018-10-14 05:53:15 - [TEST_STEP][PASSED] - Statement - driver = com.kms.katalon.core.webui.driver.DriverFactory.getWebDriver(): null

2018-10-14 05:53:15 - [TEST_STEP][PASSED] - click: Object: 'Object Repository/Page_CuraHomepage/a_Make Appointment' is clicked on

2018-10-14 05:53:16 - [MESSAGE][PASSED] - Object: 'Object Repository/Page_CuraHomepage/a_Make Appointment' is clicked on

2018-10-14 05:53:16 - [TEST_STEP][PASSED] - verifyElementPresent: Object 'Object Repository/Page_Login/button_Login' is present

2018-10-14 05:53:16 - [MESSAGE][PASSED] - Object 'Object Repository/Page_Login/button_Login' is present

2018-10-14 05:53:16 - [TEST_STEP][PASSED] - setText: Text 'John Doe' is set on object 'Object Repository/Page_Login/input_username'

2018-10-14 05:53:16 - [MESSAGE][PASSED] - Text 'John Doe' is set on object 'Object Repository/Page_Login/input_username'

2018-10-14 05:53:16 - [TEST_STEP][PASSED] - setText: Text 'ThisIsNotAPassword' is set on object 'Object Repository/Page_Login/input_password'

2018-10-14 05:53:17 - [MESSAGE][PASSED] - Text 'ThisIsNotAPassword' is set on object 'Object Repository/Page_Login/input_password'

2018-10-14 05:53:17 - [TEST_STEP][PASSED] - Statement - png2 = mr.resolveMaterialPath(CURRENT_TESTCASE_ID, "CURA_Login.png"): null

2018-10-14 05:53:17 - [TEST_STEP][PASSED] - com.kazurayam.ksbackyard.ScreenshotDriver.takeEntirePage: com.kazurayam.ksbackyard.ScreenshotDriver.takeEntirePage is PASSED

2018-10-14 05:53:20 - [MESSAGE][PASSED] - com.kazurayam.ksbackyard.ScreenshotDriver.takeEntirePage is PASSED

2018-10-14 05:53:20 - [TEST_STEP][PASSED] - click: Object: 'Object Repository/Page_Login/button_Login' is clicked on

2018-10-14 05:53:21 - [MESSAGE][PASSED] - Object: 'Object Repository/Page_Login/button_Login' is clicked on

2018-10-14 05:53:21 - [TEST_STEP][PASSED] - verifyElementPresent: Object 'Object Repository/Page_CuraAppointment/button_Book Appointment' is present

2018-10-14 05:53:21 - [MESSAGE][PASSED] - Object 'Object Repository/Page_CuraAppointment/button_Book Appointment' is present

2018-10-14 05:53:21 - [MESSAGE][PASSED] - Call Test Case 'Test Cases/Common/Login' successfully

2018-10-14 05:53:21 - [TEST_STEP][PASSED] - selectOptionByValue: All options with value 'Hongkong CURA Healthcare Center' are selected in object 'Object Repository/Page_CuraAppointment/select_Tokyo CURA Healthcare C'  using regular expression

2018-10-14 05:53:21 - [MESSAGE][PASSED] - All options with value 'Hongkong CURA Healthcare Center' are selected in object 'Object Repository/Page_CuraAppointment/select_Tokyo CURA Healthcare C'  using regular expression

2018-10-14 05:53:21 - [TEST_STEP][PASSED] - click: Object: 'Object Repository/Page_CuraAppointment/input_hospital_readmission' is clicked on

2018-10-14 05:53:22 - [MESSAGE][PASSED] - Object: 'Object Repository/Page_CuraAppointment/input_hospital_readmission' is clicked on

2018-10-14 05:53:22 - [TEST_STEP][PASSED] - click: Object: 'Object Repository/Page_CuraAppointment/input_programs' is clicked on

2018-10-14 05:53:22 - [MESSAGE][PASSED] - Object: 'Object Repository/Page_CuraAppointment/input_programs' is clicked on

2018-10-14 05:53:22 - [TEST_STEP][PASSED] - Statement - visitDate = java.time.LocalDateTime.now().plusWeeks(1): null

2018-10-14 05:53:22 - [TEST_STEP][PASSED] - Statement - visitDateStr = java.time.format.DateTimeFormatter.ofPattern("dd/MM/yyyy").format(visitDate): null

2018-10-14 05:53:22 - [TEST_STEP][PASSED] - setText: Text '21/10/2018' is set on object 'Object Repository/Page_CuraAppointment/input_visit_date'

2018-10-14 05:53:23 - [MESSAGE][PASSED] - Text '21/10/2018' is set on object 'Object Repository/Page_CuraAppointment/input_visit_date'

2018-10-14 05:53:23 - [TEST_STEP][PASSED] - sendKeys: Keys 'ENTER + ' sent to object: 'Object Repository/Page_CuraAppointment/input_visit_date'

2018-10-14 05:53:23 - [MESSAGE][PASSED] - Keys 'ENTER + ' sent to object: 'Object Repository/Page_CuraAppointment/input_visit_date'

2018-10-14 05:53:23 - [TEST_STEP][PASSED] - setText: Text 'This is a comment' is set on object 'Object Repository/Page_CuraAppointment/textarea_comment'

2018-10-14 05:53:23 - [MESSAGE][PASSED] - Text 'This is a comment' is set on object 'Object Repository/Page_CuraAppointment/textarea_comment'

2018-10-14 05:53:23 - [TEST_STEP][PASSED] - Statement - png3 = mr.resolveMaterialPath(CURRENT_TESTCASE_ID, "CURA_Appointment.png"): null

2018-10-14 05:53:23 - [TEST_STEP][PASSED] - com.kazurayam.ksbackyard.ScreenshotDriver.takeEntirePage: com.kazurayam.ksbackyard.ScreenshotDriver.takeEntirePage is PASSED

2018-10-14 05:53:27 - [MESSAGE][PASSED] - com.kazurayam.ksbackyard.ScreenshotDriver.takeEntirePage is PASSED

2018-10-14 05:53:27 - [TEST_STEP][PASSED] - click: Object: 'Object Repository/Page_CuraAppointment/button_Book Appointment' is clicked on

2018-10-14 05:53:27 - [MESSAGE][PASSED] - Object: 'Object Repository/Page_CuraAppointment/button_Book Appointment' is clicked on

2018-10-14 05:53:27 - [TEST_STEP][PASSED] - verifyElementPresent: Object 'Object Repository/Page_AppointmentConfirmation/a_Go to Homepage' is present

2018-10-14 05:53:27 - [MESSAGE][PASSED] - Object 'Object Repository/Page_AppointmentConfirmation/a_Go to Homepage' is present

2018-10-14 05:53:27 - [TEST_STEP][PASSED] - Statement - facility = com.kms.katalon.core.webui.keyword.WebUiBuiltInKeywords.getText(com.kms.katalon.core.testobject.ObjectRepository.findTestObject(Page_AppointmentConfirmation/p_facility)): Text of object 'Object Repository/Page_AppointmentConfirmation/p_facility' is: 'Hongkong CURA Healthcare Center'

2018-10-14 05:53:27 - [MESSAGE][PASSED] - Text of object 'Object Repository/Page_AppointmentConfirmation/p_facility' is: 'Hongkong CURA Healthcare Center'

2018-10-14 05:53:27 - [TEST_STEP][PASSED] - verifyMatch: Actual text 'Hongkong CURA Healthcare Center' and expected text '^(Tokyo|Hongkong|Seoul) CURA Healthcare Center$' are matched  using regular expression

2018-10-14 05:53:27 - [MESSAGE][PASSED] - Actual text 'Hongkong CURA Healthcare Center' and expected text '^(Tokyo|Hongkong|Seoul) CURA Healthcare Center$' are matched  using regular expression

2018-10-14 05:53:27 - [TEST_STEP][PASSED] - Statement - readmission = com.kms.katalon.core.webui.keyword.WebUiBuiltInKeywords.getText(com.kms.katalon.core.testobject.ObjectRepository.findTestObject(Page_AppointmentConfirmation/p_hospital_readmission)): Text of object 'Object Repository/Page_AppointmentConfirmation/p_hospital_readmission' is: 'Yes'

2018-10-14 05:53:27 - [MESSAGE][PASSED] - Text of object 'Object Repository/Page_AppointmentConfirmation/p_hospital_readmission' is: 'Yes'

2018-10-14 05:53:27 - [TEST_STEP][PASSED] - verifyMatch: Actual text 'Yes' and expected text '(Yes|No)' are matched  using regular expression

2018-10-14 05:53:27 - [MESSAGE][PASSED] - Actual text 'Yes' and expected text '(Yes|No)' are matched  using regular expression

2018-10-14 05:53:27 - [TEST_STEP][PASSED] - Statement - program = com.kms.katalon.core.webui.keyword.WebUiBuiltInKeywords.getText(com.kms.katalon.core.testobject.ObjectRepository.findTestObject(Page_AppointmentConfirmation/p_program)): Text of object 'Object Repository/Page_AppointmentConfirmation/p_program' is: 'Medicaid'

2018-10-14 05:53:27 - [MESSAGE][PASSED] - Text of object 'Object Repository/Page_AppointmentConfirmation/p_program' is: 'Medicaid'

2018-10-14 05:53:27 - [TEST_STEP][PASSED] - verifyMatch: Actual text 'Medicaid' and expected text '(Medicare|Medicaid|None)' are matched  using regular expression

2018-10-14 05:53:27 - [MESSAGE][PASSED] - Actual text 'Medicaid' and expected text '(Medicare|Medicaid|None)' are matched  using regular expression

2018-10-14 05:53:27 - [TEST_STEP][PASSED] - Statement - visitDateStr2 = com.kms.katalon.core.webui.keyword.WebUiBuiltInKeywords.getText(com.kms.katalon.core.testobject.ObjectRepository.findTestObject(Page_AppointmentConfirmation/p_visit_date)): Text of object 'Object Repository/Page_AppointmentConfirmation/p_visit_date' is: '21/10/2018'

2018-10-14 05:53:27 - [MESSAGE][PASSED] - Text of object 'Object Repository/Page_AppointmentConfirmation/p_visit_date' is: '21/10/2018'

2018-10-14 05:53:27 - [TEST_STEP][PASSED] - verifyMatch: Actual text '21/10/2018' and expected text '[0-9]{2}/[0-9]{2}/[0-9]{4}' are matched  using regular expression

2018-10-14 05:53:27 - [MESSAGE][PASSED] - Actual text '21/10/2018' and expected text '[0-9]{2}/[0-9]{2}/[0-9]{4}' are matched  using regular expression

2018-10-14 05:53:27 - [TEST_STEP][PASSED] - Statement - parsed = java.time.format.DateTimeFormatter.ofPattern("dd/MM/uuuu").parse(visitDateStr2): null

2018-10-14 05:53:27 - [TEST_STEP][PASSED] - Statement - visitDate2 = java.time.LocalDate.from(parsed).atStartOfDay(): null

2018-10-14 05:53:27 - [TEST_STEP][PASSED] - Statement - isAfterNow = visitDate2.isAfter(java.time.LocalDateTime.now()): null

2018-10-14 05:53:27 - [TEST_STEP][PASSED] - verifyEqual: Actual object 'true' and expected object 'true' are equal

2018-10-14 05:53:27 - [MESSAGE][PASSED] - Actual object 'true' and expected object 'true' are equal

2018-10-14 05:53:27 - [TEST_STEP][PASSED] - Statement - dayOfWeek = java.time.format.DateTimeFormatter.ofPattern("E").withLocale(US).format(parsed): null

2018-10-14 05:53:28 - [TEST_STEP][FAILED] - verifyNotEqual: Unable to verify not equal between actual object 'Sun' and expected object 'Sun' (Root cause: Actual object 'Sun' and expected object 'Sun' are equal)

2018-10-14 05:53:28 - [MESSAGE][FAILED] - Unable to verify not equal between actual object 'Sun' and expected object 'Sun' (Root cause: Actual object 'Sun' and expected object 'Sun' are equal)]]></system-out>
         <system-err><![CDATA[2018-10-14 05:52:49 - [TEST_CASE][FAILED] - Test Cases/Main/Basic: Test Cases/Main/Basic FAILED because (of) (Stack trace: com.kms.katalon.core.exception.StepFailedException: Unable to verify not equal between actual object 'Sun' and expected object 'Sun' (Root cause: Actual object 'Sun' and expected object 'Sun' are equal)
	at com.kms.katalon.core.keyword.internal.KeywordMain.stepFailed(KeywordMain.groovy:36)
	at com.kms.katalon.core.keyword.internal.KeywordMain.stepFailed(KeywordMain.groovy)
	at com.kms.katalon.core.keyword.internal.KeywordMain.runKeyword(KeywordMain.groovy:56)
	at com.kms.katalon.core.keyword.builtin.VerifyNotEqualKeyword.verifyNotEqual(VerifyNotEqualKeyword.groovy:65)
	at com.kms.katalon.core.keyword.builtin.VerifyNotEqualKeyword.execute(VerifyNotEqualKeyword.groovy:45)
	at com.kms.katalon.core.keyword.internal.KeywordExecutor.executeKeywordForPlatform(KeywordExecutor.groovy:53)
	at com.kms.katalon.core.keyword.BuiltinKeywords.verifyNotEqual(BuiltinKeywords.groovy:172)
	at sun.reflect.NativeMethodAccessorImpl.invoke0(Native Method)
	at sun.reflect.NativeMethodAccessorImpl.invoke(NativeMethodAccessorImpl.java:62)
	at sun.reflect.DelegatingMethodAccessorImpl.invoke(DelegatingMethodAccessorImpl.java:43)
	at java.lang.reflect.Method.invoke(Method.java:498)
	at org.codehaus.groovy.reflection.CachedMethod.invoke(CachedMethod.java:93)
	at groovy.lang.MetaMethod.doMethodInvoke(MetaMethod.java:325)
	at groovy.lang.MetaClassImpl.invokeStaticMethod(MetaClassImpl.java:1469)
	at org.codehaus.groovy.runtime.callsite.StaticMetaClassSite.call(StaticMetaClassSite.java:53)
	at org.codehaus.groovy.runtime.callsite.CallSiteArray.defaultCall(CallSiteArray.java:48)
	at org.codehaus.groovy.runtime.callsite.AbstractCallSite.call(AbstractCallSite.java:113)
	at org.codehaus.groovy.runtime.callsite.AbstractCallSite.call(AbstractCallSite.java:133)
	at Script1534135923849.run(Script1534135923849.groovy:107)
	at com.kms.katalon.core.main.ScriptEngine.run(ScriptEngine.java:183)
	at com.kms.katalon.core.main.ScriptEngine.runScriptAsRawText(ScriptEngine.java:108)
	at com.kms.katalon.core.main.TestCaseExecutor.runScript(TestCaseExecutor.java:294)
	at com.kms.katalon.core.main.TestCaseExecutor.doExecute(TestCaseExecutor.java:285)
	at com.kms.katalon.core.main.TestCaseExecutor.processExecutionPhase(TestCaseExecutor.java:264)
	at com.kms.katalon.core.main.TestCaseExecutor.accessMainPhase(TestCaseExecutor.java:256)
	at com.kms.katalon.core.main.TestCaseExecutor.execute(TestCaseExecutor.java:200)
	at com.kms.katalon.core.main.TestSuiteExecutor.accessTestCaseMainPhase(TestSuiteExecutor.java:129)
	at com.kms.katalon.core.main.TestSuiteExecutor.accessTestSuiteMainPhase(TestSuiteExecutor.java:112)
	at com.kms.katalon.core.main.TestSuiteExecutor.execute(TestSuiteExecutor.java:81)
	at com.kms.katalon.core.main.TestCaseMain.startTestSuite(TestCaseMain.java:142)
	at com.kms.katalon.core.main.TestCaseMain$startTestSuite$0.call(Unknown Source)
	at org.codehaus.groovy.runtime.callsite.CallSiteArray.defaultCall(CallSiteArray.java:48)
	at org.codehaus.groovy.runtime.callsite.AbstractCallSite.call(AbstractCallSite.java:113)
	at org.codehaus.groovy.runtime.callsite.AbstractCallSite.call(AbstractCallSite.java:141)
	at TempTestSuite1539463952510.run(TempTestSuite1539463952510.groovy:36)
	at groovy.lang.GroovyShell.runScriptOrMainOrTestOrRunnable(GroovyShell.java:263)
	at groovy.lang.GroovyShell.run(GroovyShell.java:518)
	at groovy.lang.GroovyShell.run(GroovyShell.java:507)
	at groovy.ui.GroovyMain.processOnce(GroovyMain.java:653)
	at groovy.ui.GroovyMain.run(GroovyMain.java:384)
	at groovy.ui.GroovyMain.process(GroovyMain.java:370)
	at groovy.ui.GroovyMain.processArgs(GroovyMain.java:129)
	at groovy.ui.GroovyMain.main(GroovyMain.java:109)
	at sun.reflect.NativeMethodAccessorImpl.invoke0(Native Method)
	at sun.reflect.NativeMethodAccessorImpl.invoke(NativeMethodAccessorImpl.java:62)
	at sun.reflect.DelegatingMethodAccessorImpl.invoke(DelegatingMethodAccessorImpl.java:43)
	at java.lang.reflect.Method.invoke(Method.java:498)
	at org.codehaus.groovy.tools.GroovyStarter.rootLoader(GroovyStarter.java:109)
	at org.codehaus.groovy.tools.GroovyStarter.main(GroovyStarter.java:131)
)]]></system-err>
      </testcase>
      <system-out><![CDATA[2018-10-14 05:52:46 - [TEST_SUITE][FAILED] - TS1: Test Cases/Main/Basic FAILED because (of) (Stack trace: com.kms.katalon.core.exception.StepFailedException: Unable to verify not equal between actual object 'Sun' and expected object 'Sun' (Root cause: Actual object 'Sun' and expected object 'Sun' are equal)
	at com.kms.katalon.core.keyword.internal.KeywordMain.stepFailed(KeywordMain.groovy:36)
	at com.kms.katalon.core.keyword.internal.KeywordMain.stepFailed(KeywordMain.groovy)
	at com.kms.katalon.core.keyword.internal.KeywordMain.runKeyword(KeywordMain.groovy:56)
	at com.kms.katalon.core.keyword.builtin.VerifyNotEqualKeyword.verifyNotEqual(VerifyNotEqualKeyword.groovy:65)
	at com.kms.katalon.core.keyword.builtin.VerifyNotEqualKeyword.execute(VerifyNotEqualKeyword.groovy:45)
	at com.kms.katalon.core.keyword.internal.KeywordExecutor.executeKeywordForPlatform(KeywordExecutor.groovy:53)
	at com.kms.katalon.core.keyword.BuiltinKeywords.verifyNotEqual(BuiltinKeywords.groovy:172)
	at sun.reflect.NativeMethodAccessorImpl.invoke0(Native Method)
	at sun.reflect.NativeMethodAccessorImpl.invoke(NativeMethodAccessorImpl.java:62)
	at sun.reflect.DelegatingMethodAccessorImpl.invoke(DelegatingMethodAccessorImpl.java:43)
	at java.lang.reflect.Method.invoke(Method.java:498)
	at org.codehaus.groovy.reflection.CachedMethod.invoke(CachedMethod.java:93)
	at groovy.lang.MetaMethod.doMethodInvoke(MetaMethod.java:325)
	at groovy.lang.MetaClassImpl.invokeStaticMethod(MetaClassImpl.java:1469)
	at org.codehaus.groovy.runtime.callsite.StaticMetaClassSite.call(StaticMetaClassSite.java:53)
	at org.codehaus.groovy.runtime.callsite.CallSiteArray.defaultCall(CallSiteArray.java:48)
	at org.codehaus.groovy.runtime.callsite.AbstractCallSite.call(AbstractCallSite.java:113)
	at org.codehaus.groovy.runtime.callsite.AbstractCallSite.call(AbstractCallSite.java:133)
	at Script1534135923849.run(Script1534135923849.groovy:107)
	at com.kms.katalon.core.main.ScriptEngine.run(ScriptEngine.java:183)
	at com.kms.katalon.core.main.ScriptEngine.runScriptAsRawText(ScriptEngine.java:108)
	at com.kms.katalon.core.main.TestCaseExecutor.runScript(TestCaseExecutor.java:294)
	at com.kms.katalon.core.main.TestCaseExecutor.doExecute(TestCaseExecutor.java:285)
	at com.kms.katalon.core.main.TestCaseExecutor.processExecutionPhase(TestCaseExecutor.java:264)
	at com.kms.katalon.core.main.TestCaseExecutor.accessMainPhase(TestCaseExecutor.java:256)
	at com.kms.katalon.core.main.TestCaseExecutor.execute(TestCaseExecutor.java:200)
	at com.kms.katalon.core.main.TestSuiteExecutor.accessTestCaseMainPhase(TestSuiteExecutor.java:129)
	at com.kms.katalon.core.main.TestSuiteExecutor.accessTestSuiteMainPhase(TestSuiteExecutor.java:112)
	at com.kms.katalon.core.main.TestSuiteExecutor.execute(TestSuiteExecutor.java:81)
	at com.kms.katalon.core.main.TestCaseMain.startTestSuite(TestCaseMain.java:142)
	at com.kms.katalon.core.main.TestCaseMain$startTestSuite$0.call(Unknown Source)
	at org.codehaus.groovy.runtime.callsite.CallSiteArray.defaultCall(CallSiteArray.java:48)
	at org.codehaus.groovy.runtime.callsite.AbstractCallSite.call(AbstractCallSite.java:113)
	at org.codehaus.groovy.runtime.callsite.AbstractCallSite.call(AbstractCallSite.java:141)
	at TempTestSuite1539463952510.run(TempTestSuite1539463952510.groovy:36)
	at groovy.lang.GroovyShell.runScriptOrMainOrTestOrRunnable(GroovyShell.java:263)
	at groovy.lang.GroovyShell.run(GroovyShell.java:518)
	at groovy.lang.GroovyShell.run(GroovyShell.java:507)
	at groovy.ui.GroovyMain.processOnce(GroovyMain.java:653)
	at groovy.ui.GroovyMain.run(GroovyMain.java:384)
	at groovy.ui.GroovyMain.process(GroovyMain.java:370)
	at groovy.ui.GroovyMain.processArgs(GroovyMain.java:129)
	at groovy.ui.GroovyMain.main(GroovyMain.java:109)
	at sun.reflect.NativeMethodAccessorImpl.invoke0(Native Method)
	at sun.reflect.NativeMethodAccessorImpl.invoke(NativeMethodAccessorImpl.java:62)
	at sun.reflect.DelegatingMethodAccessorImpl.invoke(DelegatingMethodAccessorImpl.java:43)
	at java.lang.reflect.Method.invoke(Method.java:498)
	at org.codehaus.groovy.tools.GroovyStarter.rootLoader(GroovyStarter.java:109)
	at org.codehaus.groovy.tools.GroovyStarter.main(GroovyStarter.java:131)
)]]></system-out>
      <system-err><![CDATA[2018-10-14 05:52:46 - [TEST_SUITE][FAILED] - TS1: Test Cases/Main/Basic FAILED because (of) (Stack trace: com.kms.katalon.core.exception.StepFailedException: Unable to verify not equal between actual object 'Sun' and expected object 'Sun' (Root cause: Actual object 'Sun' and expected object 'Sun' are equal)
	at com.kms.katalon.core.keyword.internal.KeywordMain.stepFailed(KeywordMain.groovy:36)
	at com.kms.katalon.core.keyword.internal.KeywordMain.stepFailed(KeywordMain.groovy)
	at com.kms.katalon.core.keyword.internal.KeywordMain.runKeyword(KeywordMain.groovy:56)
	at com.kms.katalon.core.keyword.builtin.VerifyNotEqualKeyword.verifyNotEqual(VerifyNotEqualKeyword.groovy:65)
	at com.kms.katalon.core.keyword.builtin.VerifyNotEqualKeyword.execute(VerifyNotEqualKeyword.groovy:45)
	at com.kms.katalon.core.keyword.internal.KeywordExecutor.executeKeywordForPlatform(KeywordExecutor.groovy:53)
	at com.kms.katalon.core.keyword.BuiltinKeywords.verifyNotEqual(BuiltinKeywords.groovy:172)
	at sun.reflect.NativeMethodAccessorImpl.invoke0(Native Method)
	at sun.reflect.NativeMethodAccessorImpl.invoke(NativeMethodAccessorImpl.java:62)
	at sun.reflect.DelegatingMethodAccessorImpl.invoke(DelegatingMethodAccessorImpl.java:43)
	at java.lang.reflect.Method.invoke(Method.java:498)
	at org.codehaus.groovy.reflection.CachedMethod.invoke(CachedMethod.java:93)
	at groovy.lang.MetaMethod.doMethodInvoke(MetaMethod.java:325)
	at groovy.lang.MetaClassImpl.invokeStaticMethod(MetaClassImpl.java:1469)
	at org.codehaus.groovy.runtime.callsite.StaticMetaClassSite.call(StaticMetaClassSite.java:53)
	at org.codehaus.groovy.runtime.callsite.CallSiteArray.defaultCall(CallSiteArray.java:48)
	at org.codehaus.groovy.runtime.callsite.AbstractCallSite.call(AbstractCallSite.java:113)
	at org.codehaus.groovy.runtime.callsite.AbstractCallSite.call(AbstractCallSite.java:133)
	at Script1534135923849.run(Script1534135923849.groovy:107)
	at com.kms.katalon.core.main.ScriptEngine.run(ScriptEngine.java:183)
	at com.kms.katalon.core.main.ScriptEngine.runScriptAsRawText(ScriptEngine.java:108)
	at com.kms.katalon.core.main.TestCaseExecutor.runScript(TestCaseExecutor.java:294)
	at com.kms.katalon.core.main.TestCaseExecutor.doExecute(TestCaseExecutor.java:285)
	at com.kms.katalon.core.main.TestCaseExecutor.processExecutionPhase(TestCaseExecutor.java:264)
	at com.kms.katalon.core.main.TestCaseExecutor.accessMainPhase(TestCaseExecutor.java:256)
	at com.kms.katalon.core.main.TestCaseExecutor.execute(TestCaseExecutor.java:200)
	at com.kms.katalon.core.main.TestSuiteExecutor.accessTestCaseMainPhase(TestSuiteExecutor.java:129)
	at com.kms.katalon.core.main.TestSuiteExecutor.accessTestSuiteMainPhase(TestSuiteExecutor.java:112)
	at com.kms.katalon.core.main.TestSuiteExecutor.execute(TestSuiteExecutor.java:81)
	at com.kms.katalon.core.main.TestCaseMain.startTestSuite(TestCaseMain.java:142)
	at com.kms.katalon.core.main.TestCaseMain$startTestSuite$0.call(Unknown Source)
	at org.codehaus.groovy.runtime.callsite.CallSiteArray.defaultCall(CallSiteArray.java:48)
	at org.codehaus.groovy.runtime.callsite.AbstractCallSite.call(AbstractCallSite.java:113)
	at org.codehaus.groovy.runtime.callsite.AbstractCallSite.call(AbstractCallSite.java:141)
	at TempTestSuite1539463952510.run(TempTestSuite1539463952510.groovy:36)
	at groovy.lang.GroovyShell.runScriptOrMainOrTestOrRunnable(GroovyShell.java:263)
	at groovy.lang.GroovyShell.run(GroovyShell.java:518)
	at groovy.lang.GroovyShell.run(GroovyShell.java:507)
	at groovy.ui.GroovyMain.processOnce(GroovyMain.java:653)
	at groovy.ui.GroovyMain.run(GroovyMain.java:384)
	at groovy.ui.GroovyMain.process(GroovyMain.java:370)
	at groovy.ui.GroovyMain.processArgs(GroovyMain.java:129)
	at groovy.ui.GroovyMain.main(GroovyMain.java:109)
	at sun.reflect.NativeMethodAccessorImpl.invoke0(Native Method)
	at sun.reflect.NativeMethodAccessorImpl.invoke(NativeMethodAccessorImpl.java:62)
	at sun.reflect.DelegatingMethodAccessorImpl.invoke(DelegatingMethodAccessorImpl.java:43)
	at java.lang.reflect.Method.invoke(Method.java:498)
	at org.codehaus.groovy.tools.GroovyStarter.rootLoader(GroovyStarter.java:109)
	at org.codehaus.groovy.tools.GroovyStarter.main(GroovyStarter.java:131)
)]]></system-err>
   </testsuite>
</testsuites>
